#
# A fatal error has been detected by the Java Runtime Environment:
#
#  Internal Error (rewriter.cpp:403), pid=20360, tid=2348
#  guarantee(bc_length > 0) failed: Verifier should have caught this invalid bytecode
#
# JRE version: Java(TM) SE Runtime Environment (16.0.1+9) (build 16.0.1+9-24)
# Java VM: Java HotSpot(TM) 64-Bit Server VM (16.0.1+9-24, mixed mode, sharing, tiered, compressed oops, compressed class ptrs, g1 gc, windows-amd64)
# No core dump will be written. Minidumps are not enabled by default on client versions of Windows
#
# If you would like to submit a bug report, please visit:
#   https://bugreport.java.com/bugreport/crash.jsp
#

---------------  S U M M A R Y ------------

Command Line: -Dfile.encoding=UTF-8 n3dshop.MenuUtama

Host: AMD Ryzen 3 2200U with Radeon Vega Mobile Gfx  , 4 cores, 10G,  Windows 10 , 64 bit Build 19041 (10.0.19041.1566)
Time: Tue Apr 12 20:51:08 2022 SE Asia Standard Time elapsed time: 1.310815 seconds (0d 0h 0m 1s)

---------------  T H R E A D  ---------------

Current thread (0x00000224cfc3d570):  JavaThread "AWT-EventQueue-0" [_thread_in_vm, id=2348, stack(0x000000438d500000,0x000000438d600000)]

Stack: [0x000000438d500000,0x000000438d600000]
Native frames: (J=compiled Java code, j=interpreted, Vv=VM code, C=native code)
V  [jvm.dll+0x6687ca]
V  [jvm.dll+0x7ca3c9]
V  [jvm.dll+0x7cbb53]
V  [jvm.dll+0x7cc167]
V  [jvm.dll+0x242e0c]
V  [jvm.dll+0x6c05e3]
V  [jvm.dll+0x6c0300]
V  [jvm.dll+0x6bf5f5]
V  [jvm.dll+0x6c004f]
V  [jvm.dll+0x367673]
V  [jvm.dll+0x3668a2]
V  [jvm.dll+0x366848]
V  [jvm.dll+0x375bad]
C  0x00000224b725c45b

Java frames: (J=compiled Java code, j=interpreted, Vv=VM code)
j  javax.swing.JTable.createDefaultDataModel()Ljavax/swing/table/TableModel;+0 java.desktop@16.0.1
j  javax.swing.JTable.<init>(Ljavax/swing/table/TableModel;Ljavax/swing/table/TableColumnModel;Ljavax/swing/ListSelectionModel;)V+75 java.desktop@16.0.1
j  javax.swing.JTable.<init>()V+4 java.desktop@16.0.1
j  n3dshop.MenuUtama.initComponents()V+104
j  n3dshop.MenuUtama.<init>()V+5
j  n3dshop.MenuUtama$12.run()V+4
j  java.awt.event.InvocationEvent.dispatch()V+47 java.desktop@16.0.1
j  java.awt.EventQueue.dispatchEventImpl(Ljava/awt/AWTEvent;Ljava/lang/Object;)V+21 java.desktop@16.0.1
j  java.awt.EventQueue$4.run()Ljava/lang/Void;+32 java.desktop@16.0.1
j  java.awt.EventQueue$4.run()Ljava/lang/Object;+1 java.desktop@16.0.1
j  java.security.AccessController.executePrivileged(Ljava/security/PrivilegedAction;Ljava/security/AccessControlContext;Ljava/lang/Class;)Ljava/lang/Object;+29 java.base@16.0.1
j  java.security.AccessController.doPrivileged(Ljava/security/PrivilegedAction;Ljava/security/AccessControlContext;)Ljava/lang/Object;+13 java.base@16.0.1
j  java.security.ProtectionDomain$JavaSecurityAccessImpl.doIntersectionPrivilege(Ljava/security/PrivilegedAction;Ljava/security/AccessControlContext;Ljava/security/AccessControlContext;)Ljava/lang/Object;+18 java.base@16.0.1
j  java.awt.EventQueue.dispatchEvent(Ljava/awt/AWTEvent;)V+46 java.desktop@16.0.1
j  java.awt.EventDispatchThread.pumpOneEventForFilters(I)V+78 java.desktop@16.0.1
j  java.awt.EventDispatchThread.pumpEventsForFilter(ILjava/awt/Conditional;Ljava/awt/EventFilter;)V+35 java.desktop@16.0.1
j  java.awt.EventDispatchThread.pumpEventsForHierarchy(ILjava/awt/Conditional;Ljava/awt/Component;)V+11 java.desktop@16.0.1
j  java.awt.EventDispatchThread.pumpEvents(ILjava/awt/Conditional;)V+4 java.desktop@16.0.1
j  java.awt.EventDispatchThread.pumpEvents(Ljava/awt/Conditional;)V+3 java.desktop@16.0.1
j  java.awt.EventDispatchThread.run()V+9 java.desktop@16.0.1
v  ~StubRoutines::call_stub

---------------  P R O C E S S  ---------------

Threads class SMR info:
_java_thread_list=0x00000224cfc5ab70, length=16, elements={
0x00000224cef05fa0, 0x00000224cef06d70, 0x00000224cef16b60, 0x00000224cef19880,
0x00000224cef1a190, 0x00000224cef1aaa0, 0x00000224cef1b790, 0x00000224cef81850,
0x00000224cef8c900, 0x00000224cf9a1eb0, 0x00000224cf9b0b00, 0x00000224cfbc4190,
0x00000224cfbc46b0, 0x00000224cfbdf010, 0x00000224cfc3d570, 0x00000224afab66d0
}

Java Threads: ( => current thread )
  0x00000224cef05fa0 JavaThread "Reference Handler" daemon [_thread_blocked, id=16176, stack(0x000000438c600000,0x000000438c700000)]
  0x00000224cef06d70 JavaThread "Finalizer" daemon [_thread_blocked, id=19396, stack(0x000000438c700000,0x000000438c800000)]
  0x00000224cef16b60 JavaThread "Signal Dispatcher" daemon [_thread_blocked, id=18212, stack(0x000000438c800000,0x000000438c900000)]
  0x00000224cef19880 JavaThread "Attach Listener" daemon [_thread_blocked, id=17936, stack(0x000000438c900000,0x000000438ca00000)]
  0x00000224cef1a190 JavaThread "Service Thread" daemon [_thread_blocked, id=21016, stack(0x000000438ca00000,0x000000438cb00000)]
  0x00000224cef1aaa0 JavaThread "Monitor Deflation Thread" daemon [_thread_blocked, id=13108, stack(0x000000438cb00000,0x000000438cc00000)]
  0x00000224cef1b790 JavaThread "C2 CompilerThread0" daemon [_thread_blocked, id=20536, stack(0x000000438cc00000,0x000000438cd00000)]
  0x00000224cef81850 JavaThread "C1 CompilerThread0" daemon [_thread_blocked, id=15464, stack(0x000000438cd00000,0x000000438ce00000)]
  0x00000224cef8c900 JavaThread "Sweeper thread" daemon [_thread_blocked, id=15140, stack(0x000000438ce00000,0x000000438cf00000)]
  0x00000224cf9a1eb0 JavaThread "Notification Thread" daemon [_thread_blocked, id=17684, stack(0x000000438cf00000,0x000000438d000000)]
  0x00000224cf9b0b00 JavaThread "Common-Cleaner" daemon [_thread_blocked, id=18004, stack(0x000000438d100000,0x000000438d200000)]
  0x00000224cfbc4190 JavaThread "Java2D Disposer" daemon [_thread_blocked, id=10456, stack(0x000000438d200000,0x000000438d300000)]
  0x00000224cfbc46b0 JavaThread "AWT-Shutdown" [_thread_blocked, id=18980, stack(0x000000438d300000,0x000000438d400000)]
  0x00000224cfbdf010 JavaThread "AWT-Windows" daemon [_thread_in_native, id=17168, stack(0x000000438d400000,0x000000438d500000)]
=>0x00000224cfc3d570 JavaThread "AWT-EventQueue-0" [_thread_in_vm, id=2348, stack(0x000000438d500000,0x000000438d600000)]
  0x00000224afab66d0 JavaThread "DestroyJavaVM" [_thread_blocked, id=14772, stack(0x000000438bf00000,0x000000438c000000)]

Other Threads:
  0x00000224ceefe680 VMThread "VM Thread" [stack: 0x000000438c500000,0x000000438c600000] [id=19176]
  0x00000224cf9a23d0 WatcherThread [stack: 0x000000438d000000,0x000000438d100000] [id=11576]
  0x00000224afaf8820 GCTaskThread "GC Thread#0" [stack: 0x000000438c000000,0x000000438c100000] [id=17764]
  0x00000224afb057d0 ConcurrentGCThread "G1 Main Marker" [stack: 0x000000438c100000,0x000000438c200000] [id=8420]
  0x00000224afb061d0 ConcurrentGCThread "G1 Conc#0" [stack: 0x000000438c200000,0x000000438c300000] [id=20728]
  0x00000224afb854c0 ConcurrentGCThread "G1 Refine#0" [stack: 0x000000438c300000,0x000000438c400000] [id=11852]
  0x00000224afb85ed0 ConcurrentGCThread "G1 Service" [stack: 0x000000438c400000,0x000000438c500000] [id=19940]

Threads with active compile tasks:

VM state: not at safepoint (normal execution)

VM Mutex/Monitor currently owned by a thread: None

Heap address: 0x0000000750a00000, size: 2806 MB, Compressed Oops mode: Zero based, Oop shift amount: 3

CDS archive(s) mapped at: [0x0000000800000000-0x0000000800bb0000-0x0000000800bb0000), size 12255232, SharedBaseAddress: 0x0000000800000000, ArchiveRelocationMode: 0.
Compressed class space mapped at: 0x0000000800c00000-0x0000000840c00000, reserved size: 1073741824
Narrow klass base: 0x0000000800000000, Narrow klass shift: 3, Narrow klass range: 0x100000000

GC Precious Log:
 CPUs: 4 total, 4 available
 Memory: 11220M
 Large Page Support: Disabled
 NUMA Support: Disabled
 Compressed Oops: Enabled (Zero based)
 Heap Region Size: 2M
 Heap Min Capacity: 8M
 Heap Initial Capacity: 176M
 Heap Max Capacity: 2806M
 Pre-touch: Disabled
 Parallel Workers: 4
 Concurrent Workers: 1
 Concurrent Refinement Workers: 4
 Periodic GC: Disabled

Heap:
 garbage-first heap   total 180224K, used 4096K [0x0000000750a00000, 0x0000000800000000)
  region size 2048K, 3 young (6144K), 0 survivors (0K)
 Metaspace       used 6926K, committed 7040K, reserved 1056768K
  class space    used 788K, committed 832K, reserved 1048576K

Heap Regions: E=young(eden), S=young(survivor), O=old, HS=humongous(starts), HC=humongous(continues), CS=collection set, F=free, OA=open archive, CA=closed archive, TAMS=top-at-mark-start (previous, next)
|   0|0x0000000750a00000, 0x0000000750a00000, 0x0000000750c00000|  0%| F|  |TAMS 0x0000000750a00000, 0x0000000750a00000| Untracked 
|   1|0x0000000750c00000, 0x0000000750c00000, 0x0000000750e00000|  0%| F|  |TAMS 0x0000000750c00000, 0x0000000750c00000| Untracked 
|   2|0x0000000750e00000, 0x0000000750e00000, 0x0000000751000000|  0%| F|  |TAMS 0x0000000750e00000, 0x0000000750e00000| Untracked 
|   3|0x0000000751000000, 0x0000000751000000, 0x0000000751200000|  0%| F|  |TAMS 0x0000000751000000, 0x0000000751000000| Untracked 
|   4|0x0000000751200000, 0x0000000751200000, 0x0000000751400000|  0%| F|  |TAMS 0x0000000751200000, 0x0000000751200000| Untracked 
|   5|0x0000000751400000, 0x0000000751400000, 0x0000000751600000|  0%| F|  |TAMS 0x0000000751400000, 0x0000000751400000| Untracked 
|   6|0x0000000751600000, 0x0000000751600000, 0x0000000751800000|  0%| F|  |TAMS 0x0000000751600000, 0x0000000751600000| Untracked 
|   7|0x0000000751800000, 0x0000000751800000, 0x0000000751a00000|  0%| F|  |TAMS 0x0000000751800000, 0x0000000751800000| Untracked 
|   8|0x0000000751a00000, 0x0000000751a00000, 0x0000000751c00000|  0%| F|  |TAMS 0x0000000751a00000, 0x0000000751a00000| Untracked 
|   9|0x0000000751c00000, 0x0000000751c00000, 0x0000000751e00000|  0%| F|  |TAMS 0x0000000751c00000, 0x0000000751c00000| Untracked 
|  10|0x0000000751e00000, 0x0000000751e00000, 0x0000000752000000|  0%| F|  |TAMS 0x0000000751e00000, 0x0000000751e00000| Untracked 
|  11|0x0000000752000000, 0x0000000752000000, 0x0000000752200000|  0%| F|  |TAMS 0x0000000752000000, 0x0000000752000000| Untracked 
|  12|0x0000000752200000, 0x0000000752200000, 0x0000000752400000|  0%| F|  |TAMS 0x0000000752200000, 0x0000000752200000| Untracked 
|  13|0x0000000752400000, 0x0000000752400000, 0x0000000752600000|  0%| F|  |TAMS 0x0000000752400000, 0x0000000752400000| Untracked 
|  14|0x0000000752600000, 0x0000000752600000, 0x0000000752800000|  0%| F|  |TAMS 0x0000000752600000, 0x0000000752600000| Untracked 
|  15|0x0000000752800000, 0x0000000752800000, 0x0000000752a00000|  0%| F|  |TAMS 0x0000000752800000, 0x0000000752800000| Untracked 
|  16|0x0000000752a00000, 0x0000000752a00000, 0x0000000752c00000|  0%| F|  |TAMS 0x0000000752a00000, 0x0000000752a00000| Untracked 
|  17|0x0000000752c00000, 0x0000000752c00000, 0x0000000752e00000|  0%| F|  |TAMS 0x0000000752c00000, 0x0000000752c00000| Untracked 
|  18|0x0000000752e00000, 0x0000000752e00000, 0x0000000753000000|  0%| F|  |TAMS 0x0000000752e00000, 0x0000000752e00000| Untracked 
|  19|0x0000000753000000, 0x0000000753000000, 0x0000000753200000|  0%| F|  |TAMS 0x0000000753000000, 0x0000000753000000| Untracked 
|  20|0x0000000753200000, 0x0000000753200000, 0x0000000753400000|  0%| F|  |TAMS 0x0000000753200000, 0x0000000753200000| Untracked 
|  21|0x0000000753400000, 0x0000000753400000, 0x0000000753600000|  0%| F|  |TAMS 0x0000000753400000, 0x0000000753400000| Untracked 
|  22|0x0000000753600000, 0x0000000753600000, 0x0000000753800000|  0%| F|  |TAMS 0x0000000753600000, 0x0000000753600000| Untracked 
|  23|0x0000000753800000, 0x0000000753800000, 0x0000000753a00000|  0%| F|  |TAMS 0x0000000753800000, 0x0000000753800000| Untracked 
|  24|0x0000000753a00000, 0x0000000753a00000, 0x0000000753c00000|  0%| F|  |TAMS 0x0000000753a00000, 0x0000000753a00000| Untracked 
|  25|0x0000000753c00000, 0x0000000753c00000, 0x0000000753e00000|  0%| F|  |TAMS 0x0000000753c00000, 0x0000000753c00000| Untracked 
|  26|0x0000000753e00000, 0x0000000753e00000, 0x0000000754000000|  0%| F|  |TAMS 0x0000000753e00000, 0x0000000753e00000| Untracked 
|  27|0x0000000754000000, 0x0000000754000000, 0x0000000754200000|  0%| F|  |TAMS 0x0000000754000000, 0x0000000754000000| Untracked 
|  28|0x0000000754200000, 0x0000000754200000, 0x0000000754400000|  0%| F|  |TAMS 0x0000000754200000, 0x0000000754200000| Untracked 
|  29|0x0000000754400000, 0x0000000754400000, 0x0000000754600000|  0%| F|  |TAMS 0x0000000754400000, 0x0000000754400000| Untracked 
|  30|0x0000000754600000, 0x0000000754600000, 0x0000000754800000|  0%| F|  |TAMS 0x0000000754600000, 0x0000000754600000| Untracked 
|  31|0x0000000754800000, 0x0000000754800000, 0x0000000754a00000|  0%| F|  |TAMS 0x0000000754800000, 0x0000000754800000| Untracked 
|  32|0x0000000754a00000, 0x0000000754a00000, 0x0000000754c00000|  0%| F|  |TAMS 0x0000000754a00000, 0x0000000754a00000| Untracked 
|  33|0x0000000754c00000, 0x0000000754c00000, 0x0000000754e00000|  0%| F|  |TAMS 0x0000000754c00000, 0x0000000754c00000| Untracked 
|  34|0x0000000754e00000, 0x0000000754e00000, 0x0000000755000000|  0%| F|  |TAMS 0x0000000754e00000, 0x0000000754e00000| Untracked 
|  35|0x0000000755000000, 0x0000000755000000, 0x0000000755200000|  0%| F|  |TAMS 0x0000000755000000, 0x0000000755000000| Untracked 
|  36|0x0000000755200000, 0x0000000755200000, 0x0000000755400000|  0%| F|  |TAMS 0x0000000755200000, 0x0000000755200000| Untracked 
|  37|0x0000000755400000, 0x0000000755400000, 0x0000000755600000|  0%| F|  |TAMS 0x0000000755400000, 0x0000000755400000| Untracked 
|  38|0x0000000755600000, 0x0000000755600000, 0x0000000755800000|  0%| F|  |TAMS 0x0000000755600000, 0x0000000755600000| Untracked 
|  39|0x0000000755800000, 0x0000000755800000, 0x0000000755a00000|  0%| F|  |TAMS 0x0000000755800000, 0x0000000755800000| Untracked 
|  40|0x0000000755a00000, 0x0000000755a00000, 0x0000000755c00000|  0%| F|  |TAMS 0x0000000755a00000, 0x0000000755a00000| Untracked 
|  41|0x0000000755c00000, 0x0000000755c00000, 0x0000000755e00000|  0%| F|  |TAMS 0x0000000755c00000, 0x0000000755c00000| Untracked 
|  42|0x0000000755e00000, 0x0000000755e00000, 0x0000000756000000|  0%| F|  |TAMS 0x0000000755e00000, 0x0000000755e00000| Untracked 
|  43|0x0000000756000000, 0x0000000756000000, 0x0000000756200000|  0%| F|  |TAMS 0x0000000756000000, 0x0000000756000000| Untracked 
|  44|0x0000000756200000, 0x0000000756200000, 0x0000000756400000|  0%| F|  |TAMS 0x0000000756200000, 0x0000000756200000| Untracked 
|  45|0x0000000756400000, 0x0000000756400000, 0x0000000756600000|  0%| F|  |TAMS 0x0000000756400000, 0x0000000756400000| Untracked 
|  46|0x0000000756600000, 0x0000000756600000, 0x0000000756800000|  0%| F|  |TAMS 0x0000000756600000, 0x0000000756600000| Untracked 
|  47|0x0000000756800000, 0x0000000756800000, 0x0000000756a00000|  0%| F|  |TAMS 0x0000000756800000, 0x0000000756800000| Untracked 
|  48|0x0000000756a00000, 0x0000000756a00000, 0x0000000756c00000|  0%| F|  |TAMS 0x0000000756a00000, 0x0000000756a00000| Untracked 
|  49|0x0000000756c00000, 0x0000000756c00000, 0x0000000756e00000|  0%| F|  |TAMS 0x0000000756c00000, 0x0000000756c00000| Untracked 
|  50|0x0000000756e00000, 0x0000000756e00000, 0x0000000757000000|  0%| F|  |TAMS 0x0000000756e00000, 0x0000000756e00000| Untracked 
|  51|0x0000000757000000, 0x0000000757000000, 0x0000000757200000|  0%| F|  |TAMS 0x0000000757000000, 0x0000000757000000| Untracked 
|  52|0x0000000757200000, 0x0000000757200000, 0x0000000757400000|  0%| F|  |TAMS 0x0000000757200000, 0x0000000757200000| Untracked 
|  53|0x0000000757400000, 0x0000000757400000, 0x0000000757600000|  0%| F|  |TAMS 0x0000000757400000, 0x0000000757400000| Untracked 
|  54|0x0000000757600000, 0x0000000757600000, 0x0000000757800000|  0%| F|  |TAMS 0x0000000757600000, 0x0000000757600000| Untracked 
|  55|0x0000000757800000, 0x0000000757800000, 0x0000000757a00000|  0%| F|  |TAMS 0x0000000757800000, 0x0000000757800000| Untracked 
|  56|0x0000000757a00000, 0x0000000757a00000, 0x0000000757c00000|  0%| F|  |TAMS 0x0000000757a00000, 0x0000000757a00000| Untracked 
|  57|0x0000000757c00000, 0x0000000757c00000, 0x0000000757e00000|  0%| F|  |TAMS 0x0000000757c00000, 0x0000000757c00000| Untracked 
|  58|0x0000000757e00000, 0x0000000757e00000, 0x0000000758000000|  0%| F|  |TAMS 0x0000000757e00000, 0x0000000757e00000| Untracked 
|  59|0x0000000758000000, 0x0000000758000000, 0x0000000758200000|  0%| F|  |TAMS 0x0000000758000000, 0x0000000758000000| Untracked 
|  60|0x0000000758200000, 0x0000000758200000, 0x0000000758400000|  0%| F|  |TAMS 0x0000000758200000, 0x0000000758200000| Untracked 
|  61|0x0000000758400000, 0x0000000758400000, 0x0000000758600000|  0%| F|  |TAMS 0x0000000758400000, 0x0000000758400000| Untracked 
|  62|0x0000000758600000, 0x0000000758600000, 0x0000000758800000|  0%| F|  |TAMS 0x0000000758600000, 0x0000000758600000| Untracked 
|  63|0x0000000758800000, 0x0000000758800000, 0x0000000758a00000|  0%| F|  |TAMS 0x0000000758800000, 0x0000000758800000| Untracked 
|  64|0x0000000758a00000, 0x0000000758a00000, 0x0000000758c00000|  0%| F|  |TAMS 0x0000000758a00000, 0x0000000758a00000| Untracked 
|  65|0x0000000758c00000, 0x0000000758c00000, 0x0000000758e00000|  0%| F|  |TAMS 0x0000000758c00000, 0x0000000758c00000| Untracked 
|  66|0x0000000758e00000, 0x0000000758e00000, 0x0000000759000000|  0%| F|  |TAMS 0x0000000758e00000, 0x0000000758e00000| Untracked 
|  67|0x0000000759000000, 0x0000000759000000, 0x0000000759200000|  0%| F|  |TAMS 0x0000000759000000, 0x0000000759000000| Untracked 
|  68|0x0000000759200000, 0x0000000759200000, 0x0000000759400000|  0%| F|  |TAMS 0x0000000759200000, 0x0000000759200000| Untracked 
|  69|0x0000000759400000, 0x0000000759400000, 0x0000000759600000|  0%| F|  |TAMS 0x0000000759400000, 0x0000000759400000| Untracked 
|  70|0x0000000759600000, 0x0000000759600000, 0x0000000759800000|  0%| F|  |TAMS 0x0000000759600000, 0x0000000759600000| Untracked 
|  71|0x0000000759800000, 0x0000000759800000, 0x0000000759a00000|  0%| F|  |TAMS 0x0000000759800000, 0x0000000759800000| Untracked 
|  72|0x0000000759a00000, 0x0000000759a00000, 0x0000000759c00000|  0%| F|  |TAMS 0x0000000759a00000, 0x0000000759a00000| Untracked 
|  73|0x0000000759c00000, 0x0000000759c00000, 0x0000000759e00000|  0%| F|  |TAMS 0x0000000759c00000, 0x0000000759c00000| Untracked 
|  74|0x0000000759e00000, 0x0000000759e00000, 0x000000075a000000|  0%| F|  |TAMS 0x0000000759e00000, 0x0000000759e00000| Untracked 
|  75|0x000000075a000000, 0x000000075a000000, 0x000000075a200000|  0%| F|  |TAMS 0x000000075a000000, 0x000000075a000000| Untracked 
|  76|0x000000075a200000, 0x000000075a200000, 0x000000075a400000|  0%| F|  |TAMS 0x000000075a200000, 0x000000075a200000| Untracked 
|  77|0x000000075a400000, 0x000000075a400000, 0x000000075a600000|  0%| F|  |TAMS 0x000000075a400000, 0x000000075a400000| Untracked 
|  78|0x000000075a600000, 0x000000075a600000, 0x000000075a800000|  0%| F|  |TAMS 0x000000075a600000, 0x000000075a600000| Untracked 
|  79|0x000000075a800000, 0x000000075a800000, 0x000000075aa00000|  0%| F|  |TAMS 0x000000075a800000, 0x000000075a800000| Untracked 
|  80|0x000000075aa00000, 0x000000075aa00000, 0x000000075ac00000|  0%| F|  |TAMS 0x000000075aa00000, 0x000000075aa00000| Untracked 
|  81|0x000000075ac00000, 0x000000075ac00000, 0x000000075ae00000|  0%| F|  |TAMS 0x000000075ac00000, 0x000000075ac00000| Untracked 
|  82|0x000000075ae00000, 0x000000075ae00000, 0x000000075b000000|  0%| F|  |TAMS 0x000000075ae00000, 0x000000075ae00000| Untracked 
|  83|0x000000075b000000, 0x000000075b000000, 0x000000075b200000|  0%| F|  |TAMS 0x000000075b000000, 0x000000075b000000| Untracked 
|  84|0x000000075b200000, 0x000000075b200000, 0x000000075b400000|  0%| F|  |TAMS 0x000000075b200000, 0x000000075b200000| Untracked 
|  85|0x000000075b400000, 0x000000075b571818, 0x000000075b600000| 72%| E|  |TAMS 0x000000075b400000, 0x000000075b400000| Complete 
|  86|0x000000075b600000, 0x000000075b800000, 0x000000075b800000|100%| E|CS|TAMS 0x000000075b600000, 0x000000075b600000| Complete 
|  87|0x000000075b800000, 0x000000075ba00000, 0x000000075ba00000|100%| E|CS|TAMS 0x000000075b800000, 0x000000075b800000| Complete 

Card table byte_map: [0x00000224c67c0000,0x00000224c6d40000] _byte_map_base: 0x00000224c2d3b000

Marking Bits (Prev, Next): (CMBitMap*) 0x00000224afaf9e30, (CMBitMap*) 0x00000224afaf9e70
 Prev Bits: [0x00000224c72c0000, 0x00000224c9e98000)
 Next Bits: [0x00000224c9ea0000, 0x00000224cca78000)

Polling page: 0x00000224ada30000

Metaspace:

Usage:
  Non-class:      6.00 MB used.
      Class:    788.04 KB used.
       Both:      6.76 MB used.

Virtual space:
  Non-class space:        8.00 MB reserved,       6.06 MB ( 76%) committed,  1 nodes.
      Class space:        1.00 GB reserved,     832.00 KB ( <1%) committed,  1 nodes.
              Both:        1.01 GB reserved,       6.88 MB ( <1%) committed. 

Chunk freelists:
   Non-Class:  1.00 MB
       Class:  3.00 MB
        Both:  4.00 MB

MaxMetaspaceSize: 17179869184.00 GB
CompressedClassSpaceSize: 1.00 GB
 - commit_granule_bytes: 65536.
 - commit_granule_words: 8192.
 - virtual_space_node_default_size: 1048576.
 - enlarge_chunks_in_place: 1.
 - new_chunks_are_fully_committed: 0.
 - uncommit_free_chunks: 1.
 - use_allocation_guard: 0.
 - handle_deallocations: 1.


Internal statistics:

num_allocs_failed_limit: 0.
num_arena_births: 90.
num_arena_deaths: 0.
num_vsnodes_births: 2.
num_vsnodes_deaths: 0.
num_space_committed: 110.
num_space_uncommitted: 0.
num_chunks_returned_to_freelist: 0.
num_chunks_taken_from_freelist: 120.
num_chunk_merges: 0.
num_chunk_splits: 72.
num_chunks_enlarged: 37.
num_purges: 0.

CodeHeap 'non-profiled nmethods': size=120000Kb used=157Kb max_used=157Kb free=119842Kb
 bounds [0x00000224bed10000, 0x00000224bef80000, 0x00000224c6240000]
CodeHeap 'profiled nmethods': size=120000Kb used=1010Kb max_used=1010Kb free=118989Kb
 bounds [0x00000224b77e0000, 0x00000224b7a50000, 0x00000224bed10000]
CodeHeap 'non-nmethods': size=5760Kb used=1224Kb max_used=1240Kb free=4535Kb
 bounds [0x00000224b7240000, 0x00000224b74b0000, 0x00000224b77e0000]
 total_blobs=1148 nmethods=617 adapters=444
 compilation: enabled
              stopped_count=0, restarted_count=0
 full_count=0

Compilation events (20 events):
Event: 1.271 Thread 0x00000224cef81850  608       3       java.util.StringTokenizer::scanToken (179 bytes)
Event: 1.273 Thread 0x00000224cef81850 nmethod 608 0x00000224b78d7a10 code [0x00000224b78d7d80, 0x00000224b78d93d8]
Event: 1.273 Thread 0x00000224cef81850  611       3       java.lang.StringLatin1::indexOf (36 bytes)
Event: 1.273 Thread 0x00000224cef81850 nmethod 611 0x00000224b78d9b90 code [0x00000224b78d9d60, 0x00000224b78da068]
Event: 1.273 Thread 0x00000224cef81850  609       3       java.util.LinkedList$ListItr::next (56 bytes)
Event: 1.274 Thread 0x00000224cef81850 nmethod 609 0x00000224b78da190 code [0x00000224b78da380, 0x00000224b78da818]
Event: 1.274 Thread 0x00000224cef81850  610       3       java.util.LinkedList$ListItr::checkForComodification (23 bytes)
Event: 1.274 Thread 0x00000224cef81850 nmethod 610 0x00000224b78daa10 code [0x00000224b78dabc0, 0x00000224b78dad88]
Event: 1.274 Thread 0x00000224cef81850  612       1       java.awt.Component::getParent_NoClientCode (5 bytes)
Event: 1.274 Thread 0x00000224cef81850 nmethod 612 0x00000224bed37110 code [0x00000224bed372a0, 0x00000224bed37378]
Event: 1.275 Thread 0x00000224cef81850  613       1       java.awt.Component::constructComponentName (2 bytes)
Event: 1.275 Thread 0x00000224cef81850 nmethod 613 0x00000224bed37410 code [0x00000224bed375a0, 0x00000224bed37678]
Event: 1.276 Thread 0x00000224cef81850  614       3       java.lang.invoke.DirectMethodHandle$Holder::invokeStatic (14 bytes)
Event: 1.276 Thread 0x00000224cef81850 nmethod 614 0x00000224b78dae90 code [0x00000224b78db060, 0x00000224b78db5b8]
Event: 1.276 Thread 0x00000224cef81850  615       3       java.lang.invoke.DirectMethodHandle$Holder::invokeStatic (17 bytes)
Event: 1.276 Thread 0x00000224cef81850 nmethod 615 0x00000224b78db710 code [0x00000224b78db8e0, 0x00000224b78dbdd8]
Event: 1.276 Thread 0x00000224cef81850  616       3       java.lang.invoke.LambdaForm$MH/0x0000000800c00c00::invoke (32 bytes)
Event: 1.276 Thread 0x00000224cef81850 nmethod 616 0x00000224b78dbf10 code [0x00000224b78dc0e0, 0x00000224b78dc5f8]
Event: 1.277 Thread 0x00000224cef81850  617       3       java.lang.Enum::<init> (15 bytes)
Event: 1.277 Thread 0x00000224cef81850 nmethod 617 0x00000224b78dc710 code [0x00000224b78dc8c0, 0x00000224b78dca98]

GC Heap History (0 events):
No events

Deoptimization events (2 events):
Event: 1.273 Thread 0x00000224cfc3d570 DEOPT PACKING pc=0x00000224b77ff267 sp=0x000000438d5fdd30
Event: 1.273 Thread 0x00000224cfc3d570 DEOPT UNPACKING pc=0x00000224b728dece sp=0x000000438d5fd150 mode 0

Classes unloaded (0 events):
No events

Classes redefined (0 events):
No events

Internal exceptions (20 events):
Event: 1.066 Thread 0x00000224afab66d0 Exception <a 'java/lang/ClassNotFoundException'{0x000000075b41af10}: PasswordField> (0x000000075b41af10) 
thrown [t:\workspace\open\src\hotspot\share\classfile\systemDictionary.cpp, line 256]
Event: 1.067 Thread 0x00000224afab66d0 Exception <a 'java/lang/ClassNotFoundException'{0x000000075b41b468}: TextArea> (0x000000075b41b468) 
thrown [t:\workspace\open\src\hotspot\share\classfile\systemDictionary.cpp, line 256]
Event: 1.068 Thread 0x00000224afab66d0 Exception <a 'java/lang/ClassNotFoundException'{0x000000075b41bda8}: TextPane> (0x000000075b41bda8) 
thrown [t:\workspace\open\src\hotspot\share\classfile\systemDictionary.cpp, line 256]
Event: 1.068 Thread 0x00000224afab66d0 Exception <a 'java/lang/ClassNotFoundException'{0x000000075b41c210}: EditorPane> (0x000000075b41c210) 
thrown [t:\workspace\open\src\hotspot\share\classfile\systemDictionary.cpp, line 256]
Event: 1.068 Thread 0x00000224afab66d0 Exception <a 'java/lang/ClassNotFoundException'{0x000000075b41cb70}: ToolBar> (0x000000075b41cb70) 
thrown [t:\workspace\open\src\hotspot\share\classfile\systemDictionary.cpp, line 256]
Event: 1.068 Thread 0x00000224afab66d0 Exception <a 'java/lang/ClassNotFoundException'{0x000000075b41d068}: ToolBar> (0x000000075b41d068) 
thrown [t:\workspace\open\src\hotspot\share\classfile\systemDictionary.cpp, line 256]
Event: 1.068 Thread 0x00000224afab66d0 Exception <a 'java/lang/ClassNotFoundException'{0x000000075b41d3c8}: Button> (0x000000075b41d3c8) 
thrown [t:\workspace\open\src\hotspot\share\classfile\systemDictionary.cpp, line 256]
Event: 1.068 Thread 0x00000224afab66d0 Exception <a 'java/lang/ClassNotFoundException'{0x000000075b41d890}: ToolBar> (0x000000075b41d890) 
thrown [t:\workspace\open\src\hotspot\share\classfile\systemDictionary.cpp, line 256]
Event: 1.068 Thread 0x00000224afab66d0 Exception <a 'java/lang/ClassNotFoundException'{0x000000075b41dc00}: ToggleButton> (0x000000075b41dc00) 
thrown [t:\workspace\open\src\hotspot\share\classfile\systemDictionary.cpp, line 256]
Event: 1.069 Thread 0x00000224afab66d0 Exception <a 'java/lang/ClassNotFoundException'{0x000000075b41e040}: javax/swing/JToolBarSeparator> (0x000000075b41e040) 
thrown [t:\workspace\open\src\hotspot\share\classfile\systemDictionary.cpp, line 256]
Event: 1.069 Thread 0x00000224afab66d0 Exception <a 'java/lang/ClassNotFoundException'{0x000000075b41e348}: ToolBarSeparator> (0x000000075b41e348) 
thrown [t:\workspace\open\src\hotspot\share\classfile\systemDictionary.cpp, line 256]
Event: 1.069 Thread 0x00000224afab66d0 Exception <a 'java/lang/ClassNotFoundException'{0x000000075b41e860}: ToolTip> (0x000000075b41e860) 
thrown [t:\workspace\open\src\hotspot\share\classfile\systemDictionary.cpp, line 256]
Event: 1.070 Thread 0x00000224afab66d0 Exception <a 'java/lang/ClassNotFoundException'{0x000000075b41f1b0}: Tree> (0x000000075b41f1b0) 
thrown [t:\workspace\open\src\hotspot\share\classfile\systemDictionary.cpp, line 256]
Event: 1.070 Thread 0x00000224afab66d0 Exception <a 'java/lang/ClassNotFoundException'{0x000000075b41f6a8}: Tree> (0x000000075b41f6a8) 
thrown [t:\workspace\open\src\hotspot\share\classfile\systemDictionary.cpp, line 256]
Event: 1.070 Thread 0x00000224afab66d0 Exception <a 'java/lang/ClassNotFoundException'{0x000000075b41fa18}: javax/swing/JTreeCell> (0x000000075b41fa18) 
thrown [t:\workspace\open\src\hotspot\share\classfile\systemDictionary.cpp, line 256]
Event: 1.070 Thread 0x00000224afab66d0 Exception <a 'java/lang/ClassNotFoundException'{0x000000075b41fd18}: TreeCell> (0x000000075b41fd18) 
thrown [t:\workspace\open\src\hotspot\share\classfile\systemDictionary.cpp, line 256]
Event: 1.071 Thread 0x00000224afab66d0 Exception <a 'java/lang/ClassNotFoundException'{0x000000075b4204d8}: RootPane> (0x000000075b4204d8) 
thrown [t:\workspace\open\src\hotspot\share\classfile\systemDictionary.cpp, line 256]
Event: 1.073 Thread 0x00000224afab66d0 Exception <a 'java/lang/ClassNotFoundException'{0x000000075b423328}: com/sun/swing/internal/plaf/metal/resources/spi/metalProvider> (0x000000075b423328) 
thrown [t:\workspace\open\src\hotspot\share\classfile\systemDictionary.cpp, line 256]
Event: 1.076 Thread 0x00000224afab66d0 Exception <a 'java/lang/ClassNotFoundException'{0x000000075b427348}: com/sun/swing/internal/plaf/basic/resources/spi/basicProvider> (0x000000075b427348) 
thrown [t:\workspace\open\src\hotspot\share\classfile\systemDictionary.cpp, line 256]
Event: 1.200 Thread 0x00000224cfc3d570 Exception <a 'java/lang/ClassNotFoundException'{0x000000075b4949c8}: com/sun/swing/internal/plaf/synth/resources/spi/synthProvider> (0x000000075b4949c8) 
thrown [t:\workspace\open\src\hotspot\share\classfile\systemDictionary.cpp, line 256]

Events (20 events):
Event: 1.276 loading class javax/swing/plaf/basic/BasicScrollPaneUI$Handler
Event: 1.276 loading class javax/swing/plaf/basic/BasicScrollPaneUI$Handler done
Event: 1.276 loading class javax/swing/plaf/synth/SynthScrollPaneUI$ViewportViewFocusHandler
Event: 1.276 loading class javax/swing/plaf/synth/SynthScrollPaneUI$ViewportViewFocusHandler done
Event: 1.277 loading class javax/swing/DropMode
Event: 1.277 loading class javax/swing/DropMode done
Event: 1.277 loading class javax/swing/table/DefaultTableColumnModel
Event: 1.278 loading class javax/swing/table/TableColumnModel
Event: 1.278 loading class javax/swing/table/TableColumnModel done
Event: 1.278 loading class javax/swing/table/DefaultTableColumnModel done
Event: 1.278 loading class javax/swing/DefaultListSelectionModel
Event: 1.278 loading class javax/swing/ListSelectionModel
Event: 1.278 loading class javax/swing/ListSelectionModel done
Event: 1.278 loading class javax/swing/DefaultListSelectionModel done
Event: 1.278 loading class java/util/BitSet
Event: 1.278 loading class java/util/BitSet done
Event: 1.279 loading class javax/swing/table/DefaultTableModel
Event: 1.279 loading class javax/swing/table/AbstractTableModel
Event: 1.279 loading class javax/swing/table/AbstractTableModel done
Event: 1.279 loading class javax/swing/table/DefaultTableModel done


Dynamic libraries:
0x00007ff67fc90000 - 0x00007ff67fca0000 	C:\Program Files\Java\jdk-16.0.1\bin\java.exe
0x00007ff857490000 - 0x00007ff857685000 	C:\WINDOWS\SYSTEM32\ntdll.dll
0x00007ff856190000 - 0x00007ff85624e000 	C:\WINDOWS\System32\KERNEL32.DLL
0x00007ff854d10000 - 0x00007ff854fd8000 	C:\WINDOWS\System32\KERNELBASE.dll
0x00007ff855290000 - 0x00007ff855390000 	C:\WINDOWS\System32\ucrtbase.dll
0x00007ff84c9c0000 - 0x00007ff84c9d8000 	C:\Program Files\Java\jdk-16.0.1\bin\jli.dll
0x00007ff855900000 - 0x00007ff8559ae000 	C:\WINDOWS\System32\ADVAPI32.dll
0x00007ff855860000 - 0x00007ff8558fe000 	C:\WINDOWS\System32\msvcrt.dll
0x00007ff855e90000 - 0x00007ff855f2c000 	C:\WINDOWS\System32\sechost.dll
0x00007ff857320000 - 0x00007ff857445000 	C:\WINDOWS\System32\RPCRT4.dll
0x00007ff8556c0000 - 0x00007ff855860000 	C:\WINDOWS\System32\USER32.dll
0x00007ff854c20000 - 0x00007ff854c42000 	C:\WINDOWS\System32\win32u.dll
0x00007ff855a20000 - 0x00007ff855a4b000 	C:\WINDOWS\System32\GDI32.dll
0x00007ff855180000 - 0x00007ff85528b000 	C:\WINDOWS\System32\gdi32full.dll
0x00007ff8550e0000 - 0x00007ff85517d000 	C:\WINDOWS\System32\msvcp_win.dll
0x00007ff84e8d0000 - 0x00007ff84e8e9000 	C:\Program Files\Java\jdk-16.0.1\bin\VCRUNTIME140.dll
0x00007ff841c20000 - 0x00007ff841eba000 	C:\WINDOWS\WinSxS\amd64_microsoft.windows.common-controls_6595b64144ccf1df_6.0.19041.1110_none_60b5254171f9507e\COMCTL32.dll
0x00007ff84a330000 - 0x00007ff84a33a000 	C:\WINDOWS\SYSTEM32\VERSION.dll
0x00007ff855f30000 - 0x00007ff855f60000 	C:\WINDOWS\System32\IMM32.DLL
0x00007ff852130000 - 0x00007ff85213c000 	C:\Program Files\Java\jdk-16.0.1\bin\vcruntime140_1.dll
0x00007ff849f70000 - 0x00007ff84a001000 	C:\Program Files\Java\jdk-16.0.1\bin\msvcp140.dll
0x00007fffff440000 - 0x00007ffffffeb000 	C:\Program Files\Java\jdk-16.0.1\bin\server\jvm.dll
0x00007ff855a10000 - 0x00007ff855a18000 	C:\WINDOWS\System32\PSAPI.DLL
0x00007ff852140000 - 0x00007ff852149000 	C:\WINDOWS\SYSTEM32\WSOCK32.dll
0x00007ff856480000 - 0x00007ff8564eb000 	C:\WINDOWS\System32\WS2_32.dll
0x00007ff84a340000 - 0x00007ff84a367000 	C:\WINDOWS\SYSTEM32\WINMM.dll
0x00007ff853750000 - 0x00007ff853762000 	C:\WINDOWS\SYSTEM32\kernel.appcore.dll
0x00007ff851950000 - 0x00007ff85195a000 	C:\Program Files\Java\jdk-16.0.1\bin\jimage.dll
0x00007ff853230000 - 0x00007ff853414000 	C:\WINDOWS\SYSTEM32\DBGHELP.DLL
0x00007ff845af0000 - 0x00007ff845b1c000 	C:\WINDOWS\SYSTEM32\dbgcore.DLL
0x00007ff854c50000 - 0x00007ff854cd2000 	C:\WINDOWS\System32\bcryptPrimitives.dll
0x00007ff84e590000 - 0x00007ff84e5b5000 	C:\Program Files\Java\jdk-16.0.1\bin\java.dll
0x00007ff856550000 - 0x00007ff856c94000 	C:\WINDOWS\System32\SHELL32.dll
0x00007ff852a90000 - 0x00007ff853224000 	C:\WINDOWS\SYSTEM32\windows.storage.dll
0x00007ff855a50000 - 0x00007ff855da4000 	C:\WINDOWS\System32\combase.dll
0x00007ff8545a0000 - 0x00007ff8545cc000 	C:\WINDOWS\SYSTEM32\Wldp.dll
0x00007ff856ca0000 - 0x00007ff856d4d000 	C:\WINDOWS\System32\SHCORE.dll
0x00007ff8559b0000 - 0x00007ff855a05000 	C:\WINDOWS\System32\shlwapi.dll
0x00007ff854af0000 - 0x00007ff854b0f000 	C:\WINDOWS\SYSTEM32\profapi.dll
0x00007ff84e8b0000 - 0x00007ff84e8c9000 	C:\Program Files\Java\jdk-16.0.1\bin\net.dll
0x00007ff844fa0000 - 0x00007ff8450a9000 	C:\WINDOWS\SYSTEM32\WINHTTP.dll
0x00007ff8542a0000 - 0x00007ff85430a000 	C:\WINDOWS\system32\mswsock.dll
0x00007ff84e650000 - 0x00007ff84e663000 	C:\Program Files\Java\jdk-16.0.1\bin\nio.dll
0x00007ff84e300000 - 0x00007ff84e318000 	C:\Program Files\Java\jdk-16.0.1\bin\zip.dll
0x00007ff82a550000 - 0x00007ff82a6d0000 	C:\Program Files\Java\jdk-16.0.1\bin\awt.dll
0x00007ff855dc0000 - 0x00007ff855e8d000 	C:\WINDOWS\System32\OLEAUT32.dll
0x00007ff852210000 - 0x00007ff8522a0000 	C:\WINDOWS\SYSTEM32\apphelp.dll
0x00007ff8522f0000 - 0x00007ff85238e000 	C:\WINDOWS\system32\uxtheme.dll
0x00007ff8562b0000 - 0x00007ff8563c6000 	C:\WINDOWS\System32\MSCTF.dll
0x00007ff855500000 - 0x00007ff85562a000 	C:\WINDOWS\System32\ole32.dll
0x00007ff852500000 - 0x00007ff85252f000 	C:\WINDOWS\system32\DWMAPI.DLL
0x00007ff8475b0000 - 0x00007ff847639000 	C:\Program Files\Java\jdk-16.0.1\bin\freetype.dll
0x00007ff828270000 - 0x00007ff828366000 	C:\Program Files\Java\jdk-16.0.1\bin\harfbuzz.dll
0x00007ff84c990000 - 0x00007ff84c9a2000 	C:\Program Files\Java\jdk-16.0.1\bin\fontmanager.dll
0x00007ff8180e0000 - 0x00007ff818206000 	C:\WINDOWS\system32\opengl32.dll
0x00007ff821980000 - 0x00007ff8219ac000 	C:\WINDOWS\SYSTEM32\GLU32.dll
0x00007ff818fd0000 - 0x00007ff81919f000 	C:\WINDOWS\system32\d3d9.dll
0x00007ff84a370000 - 0x00007ff84a528000 	C:\WINDOWS\System32\DriverStore\FileRepository\u0376209.inf_amd64_b3bdffadea4def3f\B374968\aticfx64.dll
0x00007ff843450000 - 0x00007ff843484000 	C:\WINDOWS\System32\DriverStore\FileRepository\u0376209.inf_amd64_b3bdffadea4def3f\B374968\atiu9p64.dll
0x00007ff817270000 - 0x00007ff817fc4000 	C:\WINDOWS\System32\DriverStore\FileRepository\u0376209.inf_amd64_b3bdffadea4def3f\B374968\atiumd64.dll
0x000000005dd80000 - 0x000000005ebf5000 	C:\WINDOWS\System32\DriverStore\FileRepository\u0376209.inf_amd64_b3bdffadea4def3f\B374968\atiumd6a.dll
0x00007ff856d50000 - 0x00007ff8571c0000 	C:\WINDOWS\System32\SETUPAPI.dll
0x00007ff855090000 - 0x00007ff8550de000 	C:\WINDOWS\System32\cfgmgr32.dll
0x00007ff854ce0000 - 0x00007ff854d07000 	C:\WINDOWS\System32\bcrypt.dll
0x00007ff854a20000 - 0x00007ff854a6b000 	C:\WINDOWS\SYSTEM32\POWRPROF.dll
0x00007ff854a00000 - 0x00007ff854a12000 	C:\WINDOWS\SYSTEM32\UMPDC.dll
0x00007ff850b50000 - 0x00007ff850b80000 	C:\WINDOWS\SYSTEM32\amdihk64.dll
0x00007ff850200000 - 0x00007ff85023b000 	C:\WINDOWS\SYSTEM32\dxcore.dll

dbghelp: loaded successfully - version: 4.0.5 - missing functions: none
symbol engine: initialized successfully - sym options: 0x614 - pdb path: .;C:\Program Files\Java\jdk-16.0.1\bin;C:\WINDOWS\SYSTEM32;C:\WINDOWS\WinSxS\amd64_microsoft.windows.common-controls_6595b64144ccf1df_6.0.19041.1110_none_60b5254171f9507e;C:\Program Files\Java\jdk-16.0.1\bin\server;C:\WINDOWS\System32\DriverStore\FileRepository\u0376209.inf_amd64_b3bdffadea4def3f\B374968

VM Arguments:
jvm_args: -Dfile.encoding=UTF-8 
java_command: n3dshop.MenuUtama
java_class_path (initial): C:\Program Files\NetBeans-12.2\netbeans\java\modules\ext\AbsoluteLayout.jar;E:\FOLDER GIT\GitHub\N3D-SHOP\mysql-connector-java-5.1.23-bin.jar;E:\FOLDER GIT\GitHub\N3D-SHOP\build\classes
Launcher Type: SUN_STANDARD

[Global flags]
     intx CICompilerCount                          = 3                                         {product} {ergonomic}
     uint ConcGCThreads                            = 1                                         {product} {ergonomic}
     uint G1ConcRefinementThreads                  = 4                                         {product} {ergonomic}
   size_t G1HeapRegionSize                         = 2097152                                   {product} {ergonomic}
    uintx GCDrainStackTargetSize                   = 64                                        {product} {ergonomic}
   size_t InitialHeapSize                          = 184549376                                 {product} {ergonomic}
   size_t MarkStackSize                            = 4194304                                   {product} {ergonomic}
   size_t MaxHeapSize                              = 2942304256                                {product} {ergonomic}
   size_t MaxNewSize                               = 1763704832                                {product} {ergonomic}
   size_t MinHeapDeltaBytes                        = 2097152                                   {product} {ergonomic}
   size_t MinHeapSize                              = 8388608                                   {product} {ergonomic}
    uintx NonNMethodCodeHeapSize                   = 5832780                                {pd product} {ergonomic}
    uintx NonProfiledCodeHeapSize                  = 122912730                              {pd product} {ergonomic}
    uintx ProfiledCodeHeapSize                     = 122912730                              {pd product} {ergonomic}
    uintx ReservedCodeCacheSize                    = 251658240                              {pd product} {ergonomic}
     bool SegmentedCodeCache                       = true                                      {product} {ergonomic}
   size_t SoftMaxHeapSize                          = 2942304256                             {manageable} {ergonomic}
     bool UseCompressedClassPointers               = true                           {product lp64_product} {ergonomic}
     bool UseCompressedOops                        = true                           {product lp64_product} {ergonomic}
     bool UseG1GC                                  = true                                      {product} {ergonomic}
     bool UseLargePagesIndividualAllocation        = false                                  {pd product} {ergonomic}

Logging:
Log output configuration:
 #0: stdout all=warning uptime,level,tags
 #1: stderr all=off uptime,level,tags

Environment Variables:
JAVA_HOME=C:\Program Files\Java\jdk1.8.0_321\bin
PATH=C:\Program Files\Common Files\Oracle\Java\javapath;C:\Program Files (x86)\Common Files\Oracle\Java\javapath;C:\WINDOWS\system32;C:\WINDOWS;C:\WINDOWS\System32\Wbem;C:\WINDOWS\System32\WindowsPowerShell\v1.0\;C:\WINDOWS\System32\OpenSSH\;C:\Users\HP\AppData\Roaming\Python\Python39\Scripts;C:\Program Files\Java\jdk1.8.0_321\bin;C:\Program Files\Java\jre1.8.0_321\bin;C:\Program Files\Git\cmd;C:\Program Files\Java\jdk-16.0.1\bin;C:\Users\HP\AppData\Local\Microsoft\WindowsApps;C:\Users\HP\AppData\Local\Programs\Microsoft VS Code\bin;C:\Users\HP\AppData\Local\GitHubDesktop\bin
USERNAME=HP
OS=Windows_NT
PROCESSOR_IDENTIFIER=AMD64 Family 23 Model 17 Stepping 0, AuthenticAMD



---------------  S Y S T E M  ---------------

OS:
 Windows 10 , 64 bit Build 19041 (10.0.19041.1566)
OS uptime: 3 days 6:52 hours

CPU: total 4 (initial active 4) (4 cores per cpu, 2 threads per core) family 23 model 17 stepping 0 microcode 0x0, cx8, cmov, fxsr, ht, mmx, 3dnowpref, sse, sse2, sse3, ssse3, sse4a, sse4.1, sse4.2, popcnt, lzcnt, tsc, tscinvbit, avx, avx2, aes, clmul, bmi1, bmi2, adx, sha, fma, vzeroupper, clflush, clflushopt

Memory: 4k page, system-wide physical 11220M (4120M free)
TotalPageFile size 13740M (AvailPageFile size 4215M)
current process WorkingSet (physical memory assigned to process): 62M, peak: 62M
current process commit charge ("private bytes"): 279M, peak: 279M

vm_info: Java HotSpot(TM) 64-Bit Server VM (16.0.1+9-24) for windows-amd64 JRE (16.0.1+9-24), built on Mar 26 2021 19:31:42 by "mach5one" with MS VC++ 16.7 (VS2019)

END.
